<?xml version="1.0" encoding="UTF-8"?>
<!-- Generated by org.testng.reporters.JUnitXMLReporter -->
<testsuite ignored="0" hostname="DESKTOP-29GDPB1" failures="1" tests="1" name="TestMorning" time="10.67" errors="0" timestamp="2025-08-26T16:54:16 IST">
  <testcase classname="seleniumTests.linkCheck" name="linkTest" time="10.606">
    <failure type="java.lang.AssertionError" message="expected [false] but found [true]">
      <![CDATA[java.lang.AssertionError: expected [false] but found [true]
at seleniumTests.linkCheck.lambda$0(linkCheck.java:47)
at java.base/java.util.ArrayList.forEach(ArrayList.java:1597)
at seleniumTests.linkCheck.linkTest(linkCheck.java:25)
at java.base/java.util.ArrayList.forEach(ArrayList.java:1597)
... Removed 31 stack frames]]>
    </failure>
  </testcase> <!-- linkTest -->
</testsuite> <!-- TestMorning -->
